<?xml version="1.0" encoding="UTF-8"?>
<!-- Generated by org.testng.reporters.JUnitXMLReporter -->
<testsuite hostname="Manjunath" failures="0" tests="3" name="Test" time="126.603" errors="0" timestamp="19 May 2024 13:36:24 GMT">
  <testcase classname="Amazon.AutomationGuru.SeleniumTest.ValidateCartList" name="validateCartforLaptop" time="17.495"/>
  <testcase classname="Amazon.AutomationGuru.SeleniumTest.ValidateCartList" name="validateCartforMonitor" time="21.215"/>
  <testcase classname="Amazon.AutomationGuru.SeleniumTest.ValidateCartList" name="validateHeadPhonenKeyBoard" time="36.938"/>
</testsuite> <!-- Test -->
