<?xml version="1.0" encoding="UTF-8"?>
<testng-results total="3" passed="3" failed="0" skipped="0">
  <reporter-output>
  </reporter-output>
  <suite started-at="2024-05-19T13:34:18Z" name="Suite" finished-at="2024-05-19T13:36:24Z" duration-ms="126603">
    <groups>
    </groups>
    <test started-at="2024-05-19T13:34:18Z" name="Test" finished-at="2024-05-19T13:36:24Z" duration-ms="126603">
      <class name="Amazon.AutomationGuru.SeleniumTest.ValidateCartList">
        <test-method is-config="true" signature="launchApplication()[pri:0, instance:Amazon.AutomationGuru.SeleniumTest.ValidateCartList@27216cd]" started-at="2024-05-19T19:04:18Z" name="launchApplication" finished-at="2024-05-19T19:04:33Z" duration-ms="15346" status="PASS">
          <reporter-output>
          </reporter-output>
        </test-method> <!-- launchApplication -->
        <test-method signature="validateCartforLaptop()[pri:0, instance:Amazon.AutomationGuru.SeleniumTest.ValidateCartList@27216cd]" started-at="2024-05-19T19:04:33Z" name="validateCartforLaptop" finished-at="2024-05-19T19:04:51Z" duration-ms="17495" status="PASS">
          <reporter-output>
          </reporter-output>
        </test-method> <!-- validateCartforLaptop -->
        <test-method is-config="true" signature="tearDown()[pri:0, instance:Amazon.AutomationGuru.SeleniumTest.ValidateCartList@27216cd]" started-at="2024-05-19T19:04:51Z" name="tearDown" finished-at="2024-05-19T19:04:51Z" duration-ms="373" status="PASS">
          <reporter-output>
          </reporter-output>
        </test-method> <!-- tearDown -->
        <test-method is-config="true" signature="launchApplication()[pri:0, instance:Amazon.AutomationGuru.SeleniumTest.ValidateCartList@27216cd]" started-at="2024-05-19T19:04:51Z" name="launchApplication" finished-at="2024-05-19T19:05:02Z" duration-ms="11220" status="PASS">
          <reporter-output>
          </reporter-output>
        </test-method> <!-- launchApplication -->
        <test-method signature="validateCartforMonitor()[pri:0, instance:Amazon.AutomationGuru.SeleniumTest.ValidateCartList@27216cd]" started-at="2024-05-19T19:05:02Z" name="validateCartforMonitor" finished-at="2024-05-19T19:05:24Z" duration-ms="21215" status="PASS">
          <reporter-output>
          </reporter-output>
        </test-method> <!-- validateCartforMonitor -->
        <test-method is-config="true" signature="tearDown()[pri:0, instance:Amazon.AutomationGuru.SeleniumTest.ValidateCartList@27216cd]" started-at="2024-05-19T19:05:24Z" name="tearDown" finished-at="2024-05-19T19:05:25Z" duration-ms="1920" status="PASS">
          <reporter-output>
          </reporter-output>
        </test-method> <!-- tearDown -->
        <test-method is-config="true" signature="launchApplication()[pri:0, instance:Amazon.AutomationGuru.SeleniumTest.ValidateCartList@27216cd]" started-at="2024-05-19T19:05:25Z" name="launchApplication" finished-at="2024-05-19T19:05:46Z" duration-ms="20491" status="PASS">
          <reporter-output>
          </reporter-output>
        </test-method> <!-- launchApplication -->
        <test-method signature="validateHeadPhonenKeyBoard()[pri:0, instance:Amazon.AutomationGuru.SeleniumTest.ValidateCartList@27216cd]" started-at="2024-05-19T19:05:46Z" name="validateHeadPhonenKeyBoard" finished-at="2024-05-19T19:06:23Z" duration-ms="36938" status="PASS">
          <reporter-output>
          </reporter-output>
        </test-method> <!-- validateHeadPhonenKeyBoard -->
        <test-method is-config="true" signature="tearDown()[pri:0, instance:Amazon.AutomationGuru.SeleniumTest.ValidateCartList@27216cd]" started-at="2024-05-19T19:06:23Z" name="tearDown" finished-at="2024-05-19T19:06:24Z" duration-ms="1592" status="PASS">
          <reporter-output>
          </reporter-output>
        </test-method> <!-- tearDown -->
      </class> <!-- Amazon.AutomationGuru.SeleniumTest.ValidateCartList -->
    </test> <!-- Test -->
  </suite> <!-- Suite -->
</testng-results>
